# JRE version: OpenJDK Runtime Environment (8.0_152-b01) (build 1.8.0_152-release-1248-b01)
# Java VM: OpenJDK 64-Bit Server VM (25.152-b01 mixed mode linux-amd64 compressed oops)
Heap:
 PSYoungGen      total 113664K, used 11256K [0x00000000e0000000, 0x00000000e8e80000, 0x0000000100000000)
  eden space 102400K, 0% used [0x00000000e0000000,0x00000000e0000000,0x00000000e6400000)
  from space 11264K, 99% used [0x00000000e7880000,0x00000000e837e3f8,0x00000000e8380000)
  to   space 7680K, 0% used [0x00000000e8700000,0x00000000e8700000,0x00000000e8e80000)
 ParOldGen       total 57856K, used 10986K [0x00000000a0000000, 0x00000000a3880000, 0x00000000e0000000)
  object space 57856K, 18% used [0x00000000a0000000,0x00000000a0abaa18,0x00000000a3880000)
 Metaspace       used 34550K, capacity 35204K, committed 35456K, reserved 1079296K
  class space    used 4714K, capacity 4949K, committed 4992K, reserved 1048576K
GC Heap History (10 events):
Event: 0.954 GC heap after
Heap after GC invocations=3 (full 0):
 PSYoungGen      total 36864K, used 5110K [0x00000000e0000000, 0x00000000e4800000, 0x0000000100000000)
  eden space 31744K, 0% used [0x00000000e0000000,0x00000000e0000000,0x00000000e1f00000)
  from space 5120K, 99% used [0x00000000e1f00000,0x00000000e23fdb88,0x00000000e2400000)
  to   space 5120K, 0% used [0x00000000e4300000,0x00000000e4300000,0x00000000e4800000)
 ParOldGen       total 84992K, used 1666K [0x00000000a0000000, 0x00000000a5300000, 0x00000000e0000000)
  object space 84992K, 1% used [0x00000000a0000000,0x00000000a01a09b0,0x00000000a5300000)
 Metaspace       used 13139K, capacity 13446K, committed 13568K, reserved 1060864K
  class space    used 1864K, capacity 1993K, committed 2048K, reserved 1048576K
}
Event: 1.227 GC heap before
{Heap before GC invocations=4 (full 0):
 PSYoungGen      total 36864K, used 36854K [0x00000000e0000000, 0x00000000e4800000, 0x0000000100000000)
  eden space 31744K, 100% used [0x00000000e0000000,0x00000000e1f00000,0x00000000e1f00000)
  from space 5120K, 99% used [0x00000000e1f00000,0x00000000e23fdb88,0x00000000e2400000)
  to   space 5120K, 0% used [0x00000000e4300000,0x00000000e4300000,0x00000000e4800000)
 ParOldGen       total 84992K, used 1666K [0x00000000a0000000, 0x00000000a5300000, 0x00000000e0000000)
  object space 84992K, 1% used [0x00000000a0000000,0x00000000a01a09b0,0x00000000a5300000)
 Metaspace       used 16213K, capacity 16534K, committed 16640K, reserved 1062912K
  class space    used 2350K, capacity 2515K, committed 2560K, reserved 1048576K
Event: 1.233 GC heap after
Heap after GC invocations=4 (full 0):
 PSYoungGen      total 68608K, used 5088K [0x00000000e0000000, 0x00000000e4800000, 0x0000000100000000)
  eden space 63488K, 0% used [0x00000000e0000000,0x00000000e0000000,0x00000000e3e00000)
  from space 5120K, 99% used [0x00000000e4300000,0x00000000e47f8020,0x00000000e4800000)
  to   space 5120K, 0% used [0x00000000e3e00000,0x00000000e3e00000,0x00000000e4300000)
 ParOldGen       total 84992K, used 4478K [0x00000000a0000000, 0x00000000a5300000, 0x00000000e0000000)
  object space 84992K, 5% used [0x00000000a0000000,0x00000000a045fb68,0x00000000a5300000)
 Metaspace       used 16213K, capacity 16534K, committed 16640K, reserved 1062912K
  class space    used 2350K, capacity 2515K, committed 2560K, reserved 1048576K
}
Event: 2.748 GC heap before
{Heap before GC invocations=5 (full 0):
 PSYoungGen      total 68608K, used 41388K [0x00000000e0000000, 0x00000000e4800000, 0x0000000100000000)
  eden space 63488K, 57% used [0x00000000e0000000,0x00000000e23732d0,0x00000000e3e00000)
  from space 5120K, 99% used [0x00000000e4300000,0x00000000e47f8020,0x00000000e4800000)
  to   space 5120K, 0% used [0x00000000e3e00000,0x00000000e3e00000,0x00000000e4300000)
 ParOldGen       total 84992K, used 4478K [0x00000000a0000000, 0x00000000a5300000, 0x00000000e0000000)
  object space 84992K, 5% used [0x00000000a0000000,0x00000000a045fb68,0x00000000a5300000)
 Metaspace       used 20725K, capacity 21152K, committed 21296K, reserved 1067008K
  class space    used 2937K, capacity 3118K, committed 3200K, reserved 1048576K
Event: 2.759 GC heap after
Heap after GC invocations=5 (full 0):
 PSYoungGen      total 68608K, used 5108K [0x00000000e0000000, 0x00000000e9200000, 0x0000000100000000)
  eden space 63488K, 0% used [0x00000000e0000000,0x00000000e0000000,0x00000000e3e00000)
  from space 5120K, 99% used [0x00000000e3e00000,0x00000000e42fd0e0,0x00000000e4300000)
  to   space 11264K, 0% used [0x00000000e8700000,0x00000000e8700000,0x00000000e9200000)
 ParOldGen       total 84992K, used 9143K [0x00000000a0000000, 0x00000000a5300000, 0x00000000e0000000)
  object space 84992K, 10% used [0x00000000a0000000,0x00000000a08eddd0,0x00000000a5300000)
 Metaspace       used 20725K, capacity 21152K, committed 21296K, reserved 1067008K
  class space    used 2937K, capacity 3118K, committed 3200K, reserved 1048576K
}
Event: 2.759 GC heap before
{Heap before GC invocations=6 (full 1):
 PSYoungGen      total 68608K, used 5108K [0x00000000e0000000, 0x00000000e9200000, 0x0000000100000000)
  eden space 63488K, 0% used [0x00000000e0000000,0x00000000e0000000,0x00000000e3e00000)
  from space 5120K, 99% used [0x00000000e3e00000,0x00000000e42fd0e0,0x00000000e4300000)
  to   space 11264K, 0% used [0x00000000e8700000,0x00000000e8700000,0x00000000e9200000)
 ParOldGen       total 84992K, used 9143K [0x00000000a0000000, 0x00000000a5300000, 0x00000000e0000000)
  object space 84992K, 10% used [0x00000000a0000000,0x00000000a08eddd0,0x00000000a5300000)
 Metaspace       used 20725K, capacity 21152K, committed 21296K, reserved 1067008K
  class space    used 2937K, capacity 3118K, committed 3200K, reserved 1048576K
Event: 2.793 GC heap after
Heap after GC invocations=6 (full 1):
 PSYoungGen      total 68608K, used 0K [0x00000000e0000000, 0x00000000e9200000, 0x0000000100000000)
  eden space 63488K, 0% used [0x00000000e0000000,0x00000000e0000000,0x00000000e3e00000)
  from space 5120K, 0% used [0x00000000e3e00000,0x00000000e3e00000,0x00000000e4300000)
  to   space 11264K, 0% used [0x00000000e8700000,0x00000000e8700000,0x00000000e9200000)
 ParOldGen       total 57856K, used 9636K [0x00000000a0000000, 0x00000000a3880000, 0x00000000e0000000)
  object space 57856K, 16% used [0x00000000a0000000,0x00000000a0969378,0x00000000a3880000)
 Metaspace       used 20725K, capacity 21152K, committed 21296K, reserved 1067008K
  class space    used 2937K, capacity 3118K, committed 3200K, reserved 1048576K
}
Event: 3.378 GC heap before
{Heap before GC invocations=7 (full 1):
 PSYoungGen      total 68608K, used 63488K [0x00000000e0000000, 0x00000000e9200000, 0x0000000100000000)
  eden space 63488K, 100% used [0x00000000e0000000,0x00000000e3e00000,0x00000000e3e00000)
  from space 5120K, 0% used [0x00000000e3e00000,0x00000000e3e00000,0x00000000e4300000)
  to   space 11264K, 0% used [0x00000000e8700000,0x00000000e8700000,0x00000000e9200000)
 ParOldGen       total 57856K, used 9636K [0x00000000a0000000, 0x00000000a3880000, 0x00000000e0000000)
  object space 57856K, 16% used [0x00000000a0000000,0x00000000a0969378,0x00000000a3880000)
 Metaspace       used 27969K, capacity 28462K, committed 28672K, reserved 1073152K
  class space    used 3815K, capacity 4034K, committed 4096K, reserved 1048576K
Event: 3.384 GC heap after
Heap after GC invocations=7 (full 1):
 PSYoungGen      total 110080K, used 7653K [0x00000000e0000000, 0x00000000e8e80000, 0x0000000100000000)
  eden space 102400K, 0% used [0x00000000e0000000,0x00000000e0000000,0x00000000e6400000)
  from space 7680K, 99% used [0x00000000e8700000,0x00000000e8e79490,0x00000000e8e80000)
  to   space 11264K, 0% used [0x00000000e7880000,0x00000000e7880000,0x00000000e8380000)
 ParOldGen       total 57856K, used 9644K [0x00000000a0000000, 0x00000000a3880000, 0x00000000e0000000)
  object space 57856K, 16% used [0x00000000a0000000,0x00000000a096b378,0x00000000a3880000)
 Metaspace       used 27969K, capacity 28462K, committed 28672K, reserved 1073152K
  class space    used 3815K, capacity 4034K, committed 4096K, reserved 1048576K
}
Event: 5.983 GC heap before
{Heap before GC invocations=8 (full 1):
 PSYoungGen      total 110080K, used 110053K [0x00000000e0000000, 0x00000000e8e80000, 0x0000000100000000)
  eden space 102400K, 100% used [0x00000000e0000000,0x00000000e6400000,0x00000000e6400000)
  from space 7680K, 99% used [0x00000000e8700000,0x00000000e8e79490,0x00000000e8e80000)
  to   space 11264K, 0% used [0x00000000e7880000,0x00000000e7880000,0x00000000e8380000)
 ParOldGen       total 57856K, used 9644K [0x00000000a0000000, 0x00000000a3880000, 0x00000000e0000000)
  object space 57856K, 16% used [0x00000000a0000000,0x00000000a096b378,0x00000000a3880000)
 Metaspace       used 34550K, capacity 35204K, committed 35456K, reserved 1079296K
  class space    used 4714K, capacity 4949K, committed 4992K, reserved 1048576K

